Mon Nov 05 2018 15:56:20 GMT+0100 (Paris, Madrid) - Create new User by undefined
Mon Nov 05 2018 15:56:20 GMT+0100 (Paris, Madrid) - Show list of User by undefined
Mon Nov 05 2018 15:56:21 GMT+0100 (Paris, Madrid) - Create new User by undefined
Mon Nov 05 2018 15:56:21 GMT+0100 (Paris, Madrid) - Show list of User by undefined
Mon Nov 05 2018 15:59:26 GMT+0100 (Paris, Madrid) - Create new User by undefined
Mon Nov 05 2018 15:59:26 GMT+0100 (Paris, Madrid) - Show list of User by undefined
Mon Nov 05 2018 15:59:47 GMT+0100 (Paris, Madrid) - Create new User by undefined
Mon Nov 05 2018 15:59:47 GMT+0100 (Paris, Madrid) - Show list of User by undefined
Mon Nov 05 2018 15:59:48 GMT+0100 (Paris, Madrid) - Create new User by undefined
Mon Nov 05 2018 15:59:48 GMT+0100 (Paris, Madrid) - Show list of User by undefined
Mon Nov 05 2018 15:59:48 GMT+0100 (Paris, Madrid) - Create new User by undefined
Mon Nov 05 2018 15:59:48 GMT+0100 (Paris, Madrid) - Show list of User by undefined
Mon Nov 05 2018 15:59:49 GMT+0100 (Paris, Madrid) - Show list of User by undefined
Mon Nov 05 2018 15:59:49 GMT+0100 (Paris, Madrid) - Create new User by undefined
Mon Nov 05 2018 16:03:57 GMT+0100 (Paris, Madrid) - Create new User by undefined
Mon Nov 05 2018 16:03:57 GMT+0100 (Paris, Madrid) - Show list of User by undefined
Mon Nov 05 2018 16:04:33 GMT+0100 (Paris, Madrid) - Create new User by f6a5f5f0-549d-4a8c-b375-095bfdbe2946
Mon Nov 05 2018 16:04:33 GMT+0100 (Paris, Madrid) - Show list of User by f6a5f5f0-549d-4a8c-b375-095bfdbe2946
Mon Nov 05 2018 16:04:38 GMT+0100 (Paris, Madrid) - Create new User by f6a5f5f0-549d-4a8c-b375-095bfdbe2946
Mon Nov 05 2018 16:04:38 GMT+0100 (Paris, Madrid) - Show list of User by f6a5f5f0-549d-4a8c-b375-095bfdbe2946
Mon Nov 05 2018 16:13:22 GMT+0100 (Paris, Madrid) - Show list of User by f6a5f5f0-549d-4a8c-b375-095bfdbe2946
Mon Nov 05 2018 16:13:22 GMT+0100 (Paris, Madrid) - Create new User by f6a5f5f0-549d-4a8c-b375-095bfdbe2946
Mon Nov 05 2018 16:42:50 GMT+0100 (Paris, Madrid) - Create new User by undefined
Mon Nov 05 2018 16:42:50 GMT+0100 (Paris, Madrid) - Show list of User by undefined
